<?xml version="1.0" encoding="UTF-8"?>
<testng-results skipped="0" failed="0" total="4" passed="4">
  <reporter-output>
  </reporter-output>
  <suite name="Test etclite" duration-ms="66" started-at="2019-08-01T13:24:48Z" finished-at="2019-08-01T13:24:48Z">
    <groups>
    </groups>
    <test name="Test etclite test" duration-ms="66" started-at="2019-08-01T13:24:48Z" finished-at="2019-08-01T13:24:48Z">
      <class name="org.etclite.maventest.etclite_maventest">
        <test-method status="PASS" signature="div()[pri:0, instance:org.etclite.maventest.etclite_maventest@35f983a6]" name="div" duration-ms="31" started-at="2019-08-01T09:24:48Z" finished-at="2019-08-01T09:24:48Z">
          <reporter-output>
          </reporter-output>
        </test-method> <!-- div -->
        <test-method status="PASS" signature="mul()[pri:0, instance:org.etclite.maventest.etclite_maventest@35f983a6]" name="mul" duration-ms="0" started-at="2019-08-01T09:24:48Z" finished-at="2019-08-01T09:24:48Z">
          <reporter-output>
          </reporter-output>
        </test-method> <!-- mul -->
        <test-method status="PASS" signature="sub()[pri:0, instance:org.etclite.maventest.etclite_maventest@35f983a6]" name="sub" duration-ms="1" started-at="2019-08-01T09:24:48Z" finished-at="2019-08-01T09:24:48Z">
          <reporter-output>
          </reporter-output>
        </test-method> <!-- sub -->
        <test-method status="PASS" signature="sum()[pri:0, instance:org.etclite.maventest.etclite_maventest@35f983a6]" name="sum" duration-ms="1" started-at="2019-08-01T09:24:48Z" finished-at="2019-08-01T09:24:48Z">
          <reporter-output>
          </reporter-output>
        </test-method> <!-- sum -->
      </class> <!-- org.etclite.maventest.etclite_maventest -->
    </test> <!-- Test etclite test -->
  </suite> <!-- Test etclite -->
</testng-results>
