<?xml version="1.0" encoding="UTF-8"?>
<testsuite xmlns:xsi="http://www.w3.org/2001/XMLSchema-instance" xsi:noNamespaceSchemaLocation="https://maven.apache.org/surefire/maven-surefire-plugin/xsd/surefire-test-report-3.0.xsd" version="3.0" name="TestSuite" time="0.999" tests="4" errors="0" skipped="0" failures="0">
  <properties>
[...]
</properties>
  <testcase name="div" classname="org.etclite.maventest.etclite_maventest" time="0.035"/>
  <testcase name="mul" classname="org.etclite.maventest.etclite_maventest" time="0.001"/>
  <testcase name="sub" classname="org.etclite.maventest.etclite_maventest" time="0"/>
  <testcase name="sum" classname="org.etclite.maventest.etclite_maventest" time="0.001"/>
</testsuite>