<?xml version="1.0" encoding="UTF-8"?>
<!-- Generated by org.testng.reporters.JUnitXMLReporter -->
<testsuite hostname="D234Q22" name="Test etclite test" tests="4" failures="0" timestamp="1 Aug 2019 03:20:29 GMT" time="0.063" errors="0">
  <testcase name="div" time="0.03" classname="org.etclite.maventest.etclite_maventest"/>
  <testcase name="mul" time="0.0" classname="org.etclite.maventest.etclite_maventest"/>
  <testcase name="sub" time="0.0" classname="org.etclite.maventest.etclite_maventest"/>
  <testcase name="sum" time="0.0" classname="org.etclite.maventest.etclite_maventest"/>
</testsuite> <!-- Test etclite test -->
