<?xml version="1.0" encoding="UTF-8"?>
<!-- Generated by org.testng.reporters.JUnitXMLReporter -->
<testsuite hostname="D234Q22" name="Default test" tests="4" failures="0" timestamp="30 Jul 2019 16:05:23 GMT" time="0.097" errors="0">
  <testcase name="div" time="0.027" classname="org.etclite.maventest.etclite_maventest"/>
  <testcase name="mul" time="0.007" classname="org.etclite.maventest.etclite_maventest"/>
  <testcase name="sub" time="0.004" classname="org.etclite.maventest.etclite_maventest"/>
  <testcase name="sum" time="0.002" classname="org.etclite.maventest.etclite_maventest"/>
</testsuite> <!-- Default test -->
