<?xml version="1.0" encoding="UTF-8"?>
<testng-results skipped="0" failed="0" total="4" passed="4">
  <reporter-output>
  </reporter-output>
  <suite name="Default suite" duration-ms="97" started-at="2019-07-30T16:05:23Z" finished-at="2019-07-30T16:05:23Z">
    <groups>
    </groups>
    <test name="Default test" duration-ms="97" started-at="2019-07-30T16:05:23Z" finished-at="2019-07-30T16:05:23Z">
      <class name="org.etclite.maventest.etclite_maventest">
        <test-method status="PASS" signature="div()[pri:0, instance:org.etclite.maventest.etclite_maventest@402f32ff]" name="div" duration-ms="27" started-at="2019-07-30T12:05:23Z" finished-at="2019-07-30T12:05:23Z">
          <reporter-output>
          </reporter-output>
        </test-method> <!-- div -->
        <test-method status="PASS" signature="mul()[pri:0, instance:org.etclite.maventest.etclite_maventest@402f32ff]" name="mul" duration-ms="7" started-at="2019-07-30T12:05:23Z" finished-at="2019-07-30T12:05:23Z">
          <reporter-output>
          </reporter-output>
        </test-method> <!-- mul -->
        <test-method status="PASS" signature="sub()[pri:0, instance:org.etclite.maventest.etclite_maventest@402f32ff]" name="sub" duration-ms="4" started-at="2019-07-30T12:05:23Z" finished-at="2019-07-30T12:05:23Z">
          <reporter-output>
          </reporter-output>
        </test-method> <!-- sub -->
        <test-method status="PASS" signature="sum()[pri:0, instance:org.etclite.maventest.etclite_maventest@402f32ff]" name="sum" duration-ms="2" started-at="2019-07-30T12:05:23Z" finished-at="2019-07-30T12:05:23Z">
          <reporter-output>
          </reporter-output>
        </test-method> <!-- sum -->
      </class> <!-- org.etclite.maventest.etclite_maventest -->
    </test> <!-- Default test -->
  </suite> <!-- Default suite -->
</testng-results>
